0 info it worked if it ends with ok
1 verbose cli [ '/usr/local/bin/node',
1 verbose cli   '/usr/local/bin/npm',
1 verbose cli   'install',
1 verbose cli   '-g',
1 verbose cli   'htpasswd' ]
2 info using npm@2.14.2
3 info using node@v4.0.0
4 verbose install initial load of /usr/local/lib/package.json
5 verbose readDependencies loading dependencies from /usr/local/lib/package.json
6 silly cache add args [ 'htpasswd', null ]
7 verbose cache add spec htpasswd
8 silly cache add parsed spec Result {
8 silly cache add   raw: 'htpasswd',
8 silly cache add   scope: null,
8 silly cache add   name: 'htpasswd',
8 silly cache add   rawSpec: '',
8 silly cache add   spec: '*',
8 silly cache add   type: 'range' }
9 silly addNamed htpasswd@*
10 verbose addNamed "*" is a valid semver range for htpasswd
11 silly addNameRange { name: 'htpasswd', range: '*', hasData: false }
12 silly mapToRegistry name htpasswd
13 silly mapToRegistry using default registry
14 silly mapToRegistry registry https://registry.npmjs.org/
15 silly mapToRegistry uri https://registry.npmjs.org/htpasswd
16 verbose addNameRange registry:https://registry.npmjs.org/htpasswd not in flight; fetching
17 verbose request uri https://registry.npmjs.org/htpasswd
18 verbose request no auth needed
19 info attempt registry request try #1 at 4:26:33 PM
20 verbose request id 6b00d757ddc3ae23
21 http request GET https://registry.npmjs.org/htpasswd
22 http 200 https://registry.npmjs.org/htpasswd
23 silly get cb [ 200,
23 silly get   { server: 'CouchDB/1.5.0 (Erlang OTP/R16B03)',
23 silly get     etag: '"EIM7J5G7UPTCPZN78P8GVPH82"',
23 silly get     'content-type': 'application/json',
23 silly get     'cache-control': 'max-age=60',
23 silly get     'content-length': '48288',
23 silly get     'accept-ranges': 'bytes',
23 silly get     date: 'Wed, 14 Oct 2015 14:26:33 GMT',
23 silly get     via: '1.1 varnish',
23 silly get     age: '0',
23 silly get     connection: 'keep-alive',
23 silly get     'x-served-by': 'cache-fra1236-FRA',
23 silly get     'x-cache': 'HIT',
23 silly get     'x-cache-hits': '1',
23 silly get     'x-timer': 'S1444832793.860465,VS0,VE108',
23 silly get     vary: 'Accept' } ]
24 verbose get saving htpasswd to /Users/Coderwelsch/.npm/registry.npmjs.org/htpasswd/.cache.json
25 silly addNameRange number 2 { name: 'htpasswd', range: '*', hasData: true }
26 silly addNameRange versions [ 'htpasswd',
26 silly addNameRange   [ '1.0.0',
26 silly addNameRange     '1.0.1',
26 silly addNameRange     '1.0.2',
26 silly addNameRange     '1.0.3',
26 silly addNameRange     '1.0.4',
26 silly addNameRange     '1.0.5',
26 silly addNameRange     '1.0.6',
26 silly addNameRange     '1.0.7',
26 silly addNameRange     '1.0.8',
26 silly addNameRange     '1.0.9',
26 silly addNameRange     '1.1.0',
26 silly addNameRange     '1.1.1',
26 silly addNameRange     '1.1.2',
26 silly addNameRange     '1.1.3',
26 silly addNameRange     '2.0.0',
26 silly addNameRange     '2.0.1',
26 silly addNameRange     '2.0.2',
26 silly addNameRange     '2.0.3',
26 silly addNameRange     '2.0.4',
26 silly addNameRange     '2.0.5',
26 silly addNameRange     '2.0.6',
26 silly addNameRange     '2.0.7',
26 silly addNameRange     '2.0.8',
26 silly addNameRange     '2.0.9',
26 silly addNameRange     '2.1.0',
26 silly addNameRange     '2.1.1',
26 silly addNameRange     '2.1.2',
26 silly addNameRange     '2.1.3',
26 silly addNameRange     '2.1.4',
26 silly addNameRange     '2.1.5',
26 silly addNameRange     '2.1.6',
26 silly addNameRange     '2.1.7',
26 silly addNameRange     '2.1.8',
26 silly addNameRange     '2.2.0',
26 silly addNameRange     '2.2.1' ] ]
27 silly addNamed htpasswd@2.2.1
28 verbose addNamed "2.2.1" is a plain semver version for htpasswd
29 silly mapToRegistry name htpasswd
30 silly mapToRegistry using default registry
31 silly mapToRegistry registry https://registry.npmjs.org/
32 silly mapToRegistry uri https://registry.npmjs.org/htpasswd
33 verbose addRemoteTarball https://registry.npmjs.org/htpasswd/-/htpasswd-2.2.1.tgz not in flight; adding
34 verbose addRemoteTarball [ 'https://registry.npmjs.org/htpasswd/-/htpasswd-2.2.1.tgz',
34 verbose addRemoteTarball   '318880f4409d21c4ab2906ed140e68f925ae613d' ]
35 info retry fetch attempt 1 at 4:26:34 PM
36 info attempt registry request try #1 at 4:26:34 PM
37 http fetch GET https://registry.npmjs.org/htpasswd/-/htpasswd-2.2.1.tgz
38 http fetch 200 https://registry.npmjs.org/htpasswd/-/htpasswd-2.2.1.tgz
39 silly fetchAndShaCheck shasum 318880f4409d21c4ab2906ed140e68f925ae613d
40 verbose addTmpTarball /var/folders/0n/n5lylfqs7595nlt3m_n1cfx80000gn/T/npm-5055-d410e937/registry.npmjs.org/htpasswd/-/htpasswd-2.2.1.tgz not in flight; adding
41 verbose addTmpTarball already have metadata; skipping unpack for htpasswd@2.2.1
42 silly cache afterAdd htpasswd@2.2.1
43 verbose afterAdd /Users/Coderwelsch/.npm/htpasswd/2.2.1/package/package.json not in flight; writing
44 verbose afterAdd /Users/Coderwelsch/.npm/htpasswd/2.2.1/package/package.json written
45 silly install resolved [ { name: 'htpasswd',
45 silly install resolved     description: 'Node.js package for HTTP Basic Authentication password file utility.',
45 silly install resolved     version: '2.2.1',
45 silly install resolved     author: { name: 'Gevorg Harutyunyan', url: 'http://github.com/gevorg' },
45 silly install resolved     maintainers: [ [Object] ],
45 silly install resolved     homepage: 'http://github.com/gevorg/htpasswd',
45 silly install resolved     repository: { type: 'git', url: 'http://github.com/gevorg/htpasswd.git' },
45 silly install resolved     main: './gensrc/htpasswd.js',
45 silly install resolved     bin: { htpasswd: './bin/htpasswd' },
45 silly install resolved     licenses: [ [Object] ],
45 silly install resolved     bugs: { url: 'http://github.com/gevorg/htpasswd/issues' },
45 silly install resolved     dependencies:
45 silly install resolved      { 'apache-md5': '1.0.0',
45 silly install resolved        commander: '2.0.0',
45 silly install resolved        prompt: '0.2.11',
45 silly install resolved        'apache-crypt': '1.0.8' },
45 silly install resolved     devDependencies: { 'coffee-script': '1.8.0', nodeunit: '0.9.0' },
45 silly install resolved     engines: { node: '>=0.4.1' },
45 silly install resolved     scripts:
45 silly install resolved      { test: 'node ./node_modules/nodeunit/bin/nodeunit tests',
45 silly install resolved        prepublish: 'rm -rf gensrc && node ./node_modules/coffee-script/bin/coffee --compile -o gensrc src',
45 silly install resolved        pretest: 'npm run prepublish' },
45 silly install resolved     keywords:
45 silly install resolved      [ 'node',
45 silly install resolved        'htpasswd',
45 silly install resolved        'http',
45 silly install resolved        'server',
45 silly install resolved        'basic',
45 silly install resolved        'access',
45 silly install resolved        'authentication' ],
45 silly install resolved     gitHead: 'c6e58f07c5ebbbfff0cae23a9a22c036f62fd6a3',
45 silly install resolved     _id: 'htpasswd@2.2.1',
45 silly install resolved     _shasum: '318880f4409d21c4ab2906ed140e68f925ae613d',
45 silly install resolved     _from: 'htpasswd@*',
45 silly install resolved     _npmVersion: '1.4.28',
45 silly install resolved     _npmUser: { name: 'gevorg', email: 'gevorg.ha@gmail.com' },
45 silly install resolved     dist:
45 silly install resolved      { shasum: '318880f4409d21c4ab2906ed140e68f925ae613d',
45 silly install resolved        tarball: 'http://registry.npmjs.org/htpasswd/-/htpasswd-2.2.1.tgz' },
45 silly install resolved     directories: {},
45 silly install resolved     _resolved: 'https://registry.npmjs.org/htpasswd/-/htpasswd-2.2.1.tgz' } ]
46 info install htpasswd@2.2.1 into /usr/local/lib
47 info installOne htpasswd@2.2.1
48 verbose installOne of htpasswd to /usr/local/lib not in flight; installing
49 verbose lock using /Users/Coderwelsch/.npm/_locks/htpasswd-fae3478573b70d6a.lock for /usr/local/lib/node_modules/htpasswd
50 silly install write writing htpasswd 2.2.1 to /usr/local/lib/node_modules/htpasswd
51 verbose unbuild lib/node_modules/htpasswd
52 silly gentlyRm /usr/local/lib/node_modules/htpasswd is being purged from base /usr/local
53 verbose gentlyRm don't care about contents; nuking /usr/local/lib/node_modules/htpasswd
54 verbose tar unpack /Users/Coderwelsch/.npm/htpasswd/2.2.1/package.tgz
55 verbose tar unpacking to /usr/local/lib/node_modules/htpasswd
56 silly gentlyRm /usr/local/lib/node_modules/htpasswd is being purged
57 verbose gentlyRm don't care about contents; nuking /usr/local/lib/node_modules/htpasswd
58 silly gunzTarPerm modes [ '755', '644' ]
59 error tar.unpack untar error /Users/Coderwelsch/.npm/htpasswd/2.2.1/package.tgz
60 verbose unlock done using /Users/Coderwelsch/.npm/_locks/htpasswd-fae3478573b70d6a.lock for /usr/local/lib/node_modules/htpasswd
61 verbose fstream_path /usr/local/lib/node_modules/htpasswd
62 verbose fstream_type Directory
63 verbose fstream_class DirWriter
64 verbose stack Error: EACCES: permission denied, mkdir '/usr/local/lib/node_modules/htpasswd'
64 verbose stack     at Error (native)
65 verbose fstream_stack /usr/local/lib/node_modules/npm/node_modules/fstream/lib/dir-writer.js:35:25
65 verbose fstream_stack /usr/local/lib/node_modules/npm/node_modules/mkdirp/index.js:47:53
65 verbose fstream_stack FSReqWrap.oncomplete (fs.js:82:15)
66 verbose cwd /Users/Coderwelsch/Wichtige Dokumente/FH Potsdam/Projekte/Projektwochen/Johnny Five Is Alive/node-server
67 error Darwin 15.0.0
68 error argv "/usr/local/bin/node" "/usr/local/bin/npm" "install" "-g" "htpasswd"
69 error node v4.0.0
70 error npm  v2.14.2
71 error path /usr/local/lib/node_modules/htpasswd
72 error code EACCES
73 error errno -13
74 error syscall mkdir
75 error Error: EACCES: permission denied, mkdir '/usr/local/lib/node_modules/htpasswd'
75 error     at Error (native)
75 error  { [Error: EACCES: permission denied, mkdir '/usr/local/lib/node_modules/htpasswd']
75 error   errno: -13,
75 error   code: 'EACCES',
75 error   syscall: 'mkdir',
75 error   path: '/usr/local/lib/node_modules/htpasswd',
75 error   fstream_type: 'Directory',
75 error   fstream_path: '/usr/local/lib/node_modules/htpasswd',
75 error   fstream_class: 'DirWriter',
75 error   fstream_stack:
75 error    [ '/usr/local/lib/node_modules/npm/node_modules/fstream/lib/dir-writer.js:35:25',
75 error      '/usr/local/lib/node_modules/npm/node_modules/mkdirp/index.js:47:53',
75 error      'FSReqWrap.oncomplete (fs.js:82:15)' ] }
76 error Please try running this command again as root/Administrator.
77 verbose exit [ -13, true ]
78 verbose unbuild lib/node_modules/htpasswd
79 silly gentlyRm /usr/local/lib/node_modules/htpasswd is being purged from base /usr/local
80 verbose gentlyRm don't care about contents; nuking /usr/local/lib/node_modules/htpasswd
